1720203445,49,4K VERY TRANSPARENT TOP TRY-ON |WET vs DRY REVIEW,/run/media/kb/A142-A7ED/Videos/youtube/4K VERY TRANSPARENT TOP TRY-ON _WET vs DRY REVIEW.mp4,156
1720203450,72,4K TRANSPARENT SHEER TOP | ONE PIECE TRY ON HAUL | AMAZING AND BEAUTIFUL,/run/media/kb/A142-A7ED/Videos/youtube/4K TRANSPARENT SHEER TOP _ ONE PIECE TRY ON HAUL _ AMAZING AND BEAUTIFUL.mp4,202
1720203454,68,[4k] Transparent Clothes Haul Dry vs Wet | Bodysuit Try on Haul 2024,/run/media/kb/A142-A7ED/Videos/youtube/[4k] Transparent Clothes Haul Dry vs Wet _ Bodysuit Try on Haul 2024.mp4,194
1720203464,51,[4K] Transparent Bodysuit Try On Haul | See Through,/run/media/kb/A142-A7ED/Videos/youtube/[4K] Transparent Bodysuit Try On Haul _ See Through.mp4,160
1720203492,41,Ahzee - Can't Stop (Official Music Video),/run/media/kb/A142-A7ED/Videos/youtube/Ahzee - Can't Stop (Official Music Video).mp4,140
1720203587,84,We Can't Stop - Miley Cyrus (Boyce Avenue feat. Bea Miller cover) on Spotify & Apple,/run/media/kb/A142-A7ED/Videos/youtube/We Can't Stop - Miley Cyrus (Boyce Avenue feat. Bea Miller cover) on Spotify & Apple.mp4,226
1720203977,38,Cardi B - Money [Official Music Video],https://www.youtube.com/watch?v=zUOh09GoQgk&pp=ygUPaG90IG11c2ljIHZpZGVv,124
1720203991,38,Cardi B - Money [Official Music Video],https://www.youtube.com/watch?v=zUOh09GoQgk&pp=ygUPaG90IG11c2ljIHZpZGVv,124
1720204013,38,Cardi B - Money [Official Music Video],https://www.youtube.com/watch?v=zUOh09GoQgk&pp=ygUPaG90IG11c2ljIHZpZGVv,124
1720204152,38,Cardi B - Money [Official Music Video],/home/kb/Downloads/Cardi B - Money [Official Music Video].mp4,114
1720204235,38,Cardi B - Money [Official Music Video],/home/kb/Downloads/Cardi B - Money [Official Music Video].mp4,114
1720484157,54,Ahzee & TWINNS - Ou Té Baba (ft. Nissa Seych, Odreii),/mnt/Videos/youtube/Ahzee & TWINNS - Ou Té Baba (ft. Nissa Seych, Odreii).mp4,147
1720484189,38,Dua Lipa - Last Dance (Official Video),/mnt/Videos/youtube/Dua Lipa - Last Dance (Official Video).mp4,115
1720484194,84,Malibu - Miley Cyrus (Boyce Avenue ft. Emily Zeck acoustic cover) on Spotify & Apple,/mnt/Videos/youtube/Malibu - Miley Cyrus (Boyce Avenue ft. Emily Zeck acoustic cover) on Spotify & Apple.mp4,207
1720492267,38,[MV] Hwa Sa(화사) _ Maria(마리아),/run/media/kb/A142-A7ED/Videos/youtube/[MV] Hwa Sa(화사) _ Maria(마리아).mp4,134
1720492363,97,Take Over (ft. Jeremy McKinnon (A Day To Remember), MAX, Henry) | Worlds 2020 - League of Legends,/run/media/kb/A142-A7ED/Videos/youtube/Take Over (ft. Jeremy McKinnon (A Day To Remember), MAX, Henry) ｜ Worlds 2020 - League of Legends.mkv,254
1720497410,,,/home/kb/Downloads/Torrents/Dredd (2012)/Dredd (2012).mp4,70
1720497941,,,/run/media/kb/A142-A7ED/Videos/lectures/Osmosis Prime/Biochemistry (15 Videos)/Citric acid cycle.mp4,113
1720498120,,,/home/kb/Downloads/Torrents/Dredd (2012)/Dredd (2012).mp4,70
1720498468,,,/home/kb/Downloads/Torrents/Dredd (2012)/Dredd (2012).mp4,70
1720498591,,,/home/kb/Downloads/Torrents/Dredd (2012)/Dredd (2012).mp4,70
1720499049,,,/home/kb/Downloads/Torrents/Dredd (2012)/Dredd (2012).mp4,70
1720499088,,,/home/kb/Downloads/Torrents/Dredd (2012)/Dredd (2012).mp4,70
1720501733,,,/home/kb/Downloads/Torrents/Dredd (2012)/folder.jpg,64
1721848391,34,Ahzee & Robert Cristian - Go Crazy,/mnt/Videos/youtube/Ahzee & Robert Cristian - Go Crazy.mp4,107
1721848424,40,Ahzee - My Way (Official Music Video 4K),/mnt/Videos/youtube/Ahzee - My Way (Official Music Video 4K).mp4,119
1721848473,41,Ahzee - Can't Stop (Official Music Video),/mnt/Videos/youtube/Ahzee - Can't Stop (Official Music Video).mp4,121
1721848554,40,Ahzee - My Way (Official Music Video 4K),/mnt/Videos/youtube/Ahzee - My Way (Official Music Video 4K).mp4,119
1721853438,100,Aaj Ki Raat | Stree 2 | Tamannaah Bhatia | Sachin-Jigar | Madhubanti | Divya | Amitabh | 15th August,/home/kb/Downloads/Aaj Ki Raat ｜ Stree 2 ｜ Tamannaah Bhatia ｜ Sachin-Jigar ｜ Madhubanti ｜ Divya ｜ Amitabh ｜ 15th August.mp4,253
1721853540,100,Aaj Ki Raat | Stree 2 | Tamannaah Bhatia | Sachin-Jigar | Madhubanti | Divya | Amitabh | 15th August,/home/kb/Downloads/Aaj Ki Raat ｜ Stree 2 ｜ Tamannaah Bhatia ｜ Sachin-Jigar ｜ Madhubanti ｜ Divya ｜ Amitabh ｜ 15th August.mp4,253
1721853693,100,Aaj Ki Raat | Stree 2 | Tamannaah Bhatia | Sachin-Jigar | Madhubanti | Divya | Amitabh | 15th August,/home/kb/Downloads/Aaj Ki Raat ｜ Stree 2 ｜ Tamannaah Bhatia ｜ Sachin-Jigar ｜ Madhubanti ｜ Divya ｜ Amitabh ｜ 15th August.mp4,253
1721854968,100,Aaj Ki Raat | Stree 2 | Tamannaah Bhatia | Sachin-Jigar | Madhubanti | Divya | Amitabh | 15th August,/home/kb/Downloads/Aaj Ki Raat ｜ Stree 2 ｜ Tamannaah Bhatia ｜ Sachin-Jigar ｜ Madhubanti ｜ Divya ｜ Amitabh ｜ 15th August.mp4,253
1721857223,100,Aaj Ki Raat | Stree 2 | Tamannaah Bhatia | Sachin-Jigar | Madhubanti | Divya | Amitabh | 15th August,/home/kb/Downloads/Aaj Ki Raat ｜ Stree 2 ｜ Tamannaah Bhatia ｜ Sachin-Jigar ｜ Madhubanti ｜ Divya ｜ Amitabh ｜ 15th August.mp4,253
